2019/10/02 07:47:40 [emerg] 1#1: "server" directive is not allowed here in /etc/nginx/nginx.conf:1
2019/10/02 07:47:43 [emerg] 1#1: "server" directive is not allowed here in /etc/nginx/nginx.conf:1
2019/10/02 07:47:46 [emerg] 1#1: "server" directive is not allowed here in /etc/nginx/nginx.conf:1
2019/10/02 07:47:48 [emerg] 1#1: "server" directive is not allowed here in /etc/nginx/nginx.conf:1
2019/10/02 07:47:51 [emerg] 1#1: "server" directive is not allowed here in /etc/nginx/nginx.conf:1
2019/10/02 07:47:53 [emerg] 1#1: "server" directive is not allowed here in /etc/nginx/nginx.conf:1
2019/10/02 07:47:57 [emerg] 1#1: "server" directive is not allowed here in /etc/nginx/nginx.conf:1
2019/10/02 07:48:04 [emerg] 1#1: "server" directive is not allowed here in /etc/nginx/nginx.conf:1
2019/10/02 07:48:18 [emerg] 1#1: "server" directive is not allowed here in /etc/nginx/nginx.conf:1
2019/10/02 07:48:44 [emerg] 1#1: "server" directive is not allowed here in /etc/nginx/nginx.conf:1
2019/10/02 07:49:36 [emerg] 1#1: "server" directive is not allowed here in /etc/nginx/nginx.conf:1
2019/10/02 07:49:56 [emerg] 1#1: "server" directive is not allowed here in /etc/nginx/nginx.conf:1
2019/10/02 07:49:59 [emerg] 1#1: "server" directive is not allowed here in /etc/nginx/nginx.conf:1
2019/10/02 07:50:01 [emerg] 1#1: "server" directive is not allowed here in /etc/nginx/nginx.conf:1
2019/10/02 07:50:03 [emerg] 1#1: "server" directive is not allowed here in /etc/nginx/nginx.conf:1
2019/10/02 07:50:06 [emerg] 1#1: "server" directive is not allowed here in /etc/nginx/nginx.conf:1
2019/10/02 07:50:08 [emerg] 1#1: "server" directive is not allowed here in /etc/nginx/nginx.conf:1
2019/10/02 07:50:12 [emerg] 1#1: "server" directive is not allowed here in /etc/nginx/nginx.conf:1
2019/10/02 07:50:19 [emerg] 1#1: "server" directive is not allowed here in /etc/nginx/nginx.conf:1
2019/10/02 07:50:33 [emerg] 1#1: "server" directive is not allowed here in /etc/nginx/nginx.conf:1
2019/10/02 07:52:05 [emerg] 1#1: "server" directive is not allowed here in /etc/nginx/nginx.conf:1
2019/10/02 07:52:08 [emerg] 1#1: "server" directive is not allowed here in /etc/nginx/nginx.conf:1
2019/10/02 07:52:11 [emerg] 1#1: "server" directive is not allowed here in /etc/nginx/nginx.conf:1
2019/10/02 07:52:13 [emerg] 1#1: "server" directive is not allowed here in /etc/nginx/nginx.conf:1
2019/10/02 07:52:15 [emerg] 1#1: "server" directive is not allowed here in /etc/nginx/nginx.conf:1
2019/10/02 07:52:18 [emerg] 1#1: "server" directive is not allowed here in /etc/nginx/nginx.conf:1
2019/10/02 07:52:22 [emerg] 1#1: "server" directive is not allowed here in /etc/nginx/nginx.conf:1
2019/10/02 07:52:29 [emerg] 1#1: "server" directive is not allowed here in /etc/nginx/nginx.conf:1
2019/10/02 07:52:43 [emerg] 1#1: "server" directive is not allowed here in /etc/nginx/nginx.conf:1
2019/10/02 07:53:09 [emerg] 1#1: "server" directive is not allowed here in /etc/nginx/nginx.conf:1
2019/10/02 07:54:01 [emerg] 1#1: "server" directive is not allowed here in /etc/nginx/nginx.conf:1
2019/10/02 07:55:02 [emerg] 1#1: "server" directive is not allowed here in /etc/nginx/nginx.conf:1
2019/10/02 07:56:37 [emerg] 1#1: "server" directive is not allowed here in /etc/nginx/nginx.conf:1
2019/10/02 07:56:40 [emerg] 1#1: "server" directive is not allowed here in /etc/nginx/nginx.conf:1
2019/10/02 07:56:42 [emerg] 1#1: "server" directive is not allowed here in /etc/nginx/nginx.conf:1
2019/10/02 07:56:45 [emerg] 1#1: "server" directive is not allowed here in /etc/nginx/nginx.conf:1
2019/10/02 07:56:47 [emerg] 1#1: "server" directive is not allowed here in /etc/nginx/nginx.conf:1
2019/10/02 07:56:50 [emerg] 1#1: "server" directive is not allowed here in /etc/nginx/nginx.conf:1
2019/10/02 07:56:54 [emerg] 1#1: "server" directive is not allowed here in /etc/nginx/nginx.conf:1
2019/10/02 07:57:01 [emerg] 1#1: "server" directive is not allowed here in /etc/nginx/nginx.conf:1
2019/10/02 07:57:05 [emerg] 1#1: "server" directive is not allowed here in /etc/nginx/nginx.conf:1
2019/10/02 07:57:08 [emerg] 1#1: "server" directive is not allowed here in /etc/nginx/nginx.conf:1
2019/10/02 07:57:11 [emerg] 1#1: "server" directive is not allowed here in /etc/nginx/nginx.conf:1
2019/10/02 07:57:13 [emerg] 1#1: "server" directive is not allowed here in /etc/nginx/nginx.conf:1
2019/10/02 07:57:16 [emerg] 1#1: "server" directive is not allowed here in /etc/nginx/nginx.conf:1
2019/10/02 07:57:18 [emerg] 1#1: "server" directive is not allowed here in /etc/nginx/nginx.conf:1
2019/10/02 07:57:22 [emerg] 1#1: "server" directive is not allowed here in /etc/nginx/nginx.conf:1
2019/10/02 07:57:29 [emerg] 1#1: "server" directive is not allowed here in /etc/nginx/nginx.conf:1
2019/10/02 07:57:43 [emerg] 1#1: "server" directive is not allowed here in /etc/nginx/nginx.conf:1
2019/10/02 07:58:09 [emerg] 1#1: "server" directive is not allowed here in /etc/nginx/nginx.conf:1
2019/10/02 07:59:01 [emerg] 1#1: "server" directive is not allowed here in /etc/nginx/nginx.conf:1
2019/10/02 08:00:02 [emerg] 1#1: "server" directive is not allowed here in /etc/nginx/nginx.conf:1
2019/10/02 08:01:03 [emerg] 1#1: "server" directive is not allowed here in /etc/nginx/nginx.conf:1
2019/10/02 08:02:04 [emerg] 1#1: "server" directive is not allowed here in /etc/nginx/nginx.conf:1
2019/10/02 08:03:05 [emerg] 1#1: "server" directive is not allowed here in /etc/nginx/nginx.conf:1
2019/10/02 08:04:06 [emerg] 1#1: "server" directive is not allowed here in /etc/nginx/nginx.conf:1
2019/10/02 08:05:06 [emerg] 1#1: "server" directive is not allowed here in /etc/nginx/nginx.conf:1
2019/10/02 08:06:07 [emerg] 1#1: "server" directive is not allowed here in /etc/nginx/nginx.conf:1
2019/10/02 08:07:08 [emerg] 1#1: "server" directive is not allowed here in /etc/nginx/nginx.conf:1
2019/10/02 08:08:09 [emerg] 1#1: "server" directive is not allowed here in /etc/nginx/nginx.conf:1
2019/10/02 08:09:09 [emerg] 1#1: "server" directive is not allowed here in /etc/nginx/nginx.conf:1
2019/10/02 08:10:10 [emerg] 1#1: "server" directive is not allowed here in /etc/nginx/nginx.conf:1
2019/10/02 08:11:11 [emerg] 1#1: "server" directive is not allowed here in /etc/nginx/nginx.conf:1
2019/10/02 08:11:47 [emerg] 1#1: open() "/etc/nginx/mime.types" failed (2: No such file or directory) in /etc/nginx/nginx.conf:12
2019/10/02 08:11:50 [emerg] 1#1: open() "/etc/nginx/mime.types" failed (2: No such file or directory) in /etc/nginx/nginx.conf:12
2019/10/02 08:11:53 [emerg] 1#1: open() "/etc/nginx/mime.types" failed (2: No such file or directory) in /etc/nginx/nginx.conf:12
2019/10/02 08:11:55 [emerg] 1#1: open() "/etc/nginx/mime.types" failed (2: No such file or directory) in /etc/nginx/nginx.conf:12
2019/10/02 08:11:57 [emerg] 1#1: open() "/etc/nginx/mime.types" failed (2: No such file or directory) in /etc/nginx/nginx.conf:12
2019/10/02 08:12:00 [emerg] 1#1: open() "/etc/nginx/mime.types" failed (2: No such file or directory) in /etc/nginx/nginx.conf:12
2019/10/02 08:12:04 [emerg] 1#1: open() "/etc/nginx/mime.types" failed (2: No such file or directory) in /etc/nginx/nginx.conf:12
2019/10/02 08:12:11 [emerg] 1#1: open() "/etc/nginx/mime.types" failed (2: No such file or directory) in /etc/nginx/nginx.conf:12
2019/10/02 08:12:25 [emerg] 1#1: open() "/etc/nginx/mime.types" failed (2: No such file or directory) in /etc/nginx/nginx.conf:12
2019/10/02 08:12:51 [emerg] 1#1: "location" directive is not allowed here in /etc/nginx/nginx.conf:26
2019/10/02 08:13:43 [emerg] 1#1: open() "/etc/nginx/mime.types" failed (2: No such file or directory) in /etc/nginx/nginx.conf:12
2019/10/02 08:14:44 [emerg] 1#1: open() "/etc/nginx/mime.types" failed (2: No such file or directory) in /etc/nginx/nginx.conf:12
2019/10/02 08:15:45 [emerg] 1#1: host not found in upstream "app" in /etc/nginx/nginx.conf:25
2019/10/02 08:16:45 [emerg] 1#1: open() "/etc/nginx/logs/error.log" failed (2: No such file or directory)
2019/10/02 08:17:38 [emerg] 1#1: host not found in upstream "web" in /etc/nginx/nginx.conf:25
2019/10/02 08:17:41 [emerg] 1#1: open() "/etc/nginx/logs/error.log" failed (2: No such file or directory)
2019/10/02 08:17:44 [emerg] 1#1: open() "/etc/nginx/logs/error.log" failed (2: No such file or directory)
2019/10/02 08:17:46 [emerg] 1#1: open() "/etc/nginx/logs/error.log" failed (2: No such file or directory)
2019/10/02 08:17:49 [emerg] 1#1: open() "/etc/nginx/logs/error.log" failed (2: No such file or directory)
2019/10/02 08:17:52 [emerg] 1#1: open() "/etc/nginx/logs/error.log" failed (2: No such file or directory)
2019/10/02 08:17:56 [emerg] 1#1: open() "/etc/nginx/logs/error.log" failed (2: No such file or directory)
2019/10/02 08:18:03 [emerg] 1#1: open() "/etc/nginx/logs/error.log" failed (2: No such file or directory)
2019/10/02 08:18:17 [notice] 1#1: using the "epoll" event method
2019/10/02 08:18:17 [notice] 1#1: nginx/1.17.4
2019/10/02 08:18:17 [notice] 1#1: built by gcc 8.3.0 (Debian 8.3.0-6) 
2019/10/02 08:18:17 [notice] 1#1: OS: Linux 4.9.184-linuxkit
2019/10/02 08:18:17 [notice] 1#1: getrlimit(RLIMIT_NOFILE): 1048576:1048576
2019/10/02 08:18:17 [emerg] 1#1: open() "/etc/nginx/logs/nginx.pid" failed (2: No such file or directory)
2019/10/02 08:18:43 [emerg] 1#1: host not found in upstream "web" in /etc/nginx/nginx.conf:25
2019/10/02 08:18:46 [notice] 1#1: using the "epoll" event method
2019/10/02 08:18:46 [notice] 1#1: nginx/1.17.4
2019/10/02 08:18:46 [notice] 1#1: built by gcc 8.3.0 (Debian 8.3.0-6) 
2019/10/02 08:18:46 [notice] 1#1: OS: Linux 4.9.184-linuxkit
2019/10/02 08:18:46 [notice] 1#1: getrlimit(RLIMIT_NOFILE): 1048576:1048576
2019/10/02 08:18:46 [notice] 1#1: start worker processes
2019/10/02 08:18:46 [notice] 1#1: start worker process 7
2019/10/02 08:23:33 [notice] 1#1: signal 15 (SIGTERM) received, exiting
2019/10/02 08:23:33 [notice] 7#7: exiting
2019/10/02 08:23:33 [notice] 7#7: exit
2019/10/02 08:23:33 [notice] 1#1: signal 14 (SIGALRM) received
2019/10/02 08:23:33 [notice] 1#1: signal 17 (SIGCHLD) received from 7
2019/10/02 08:23:33 [notice] 1#1: worker process 7 exited with code 0
2019/10/02 08:23:33 [notice] 1#1: exit
2019/10/02 08:23:41 [notice] 1#1: using the "epoll" event method
2019/10/02 08:23:41 [notice] 1#1: nginx/1.17.4
2019/10/02 08:23:41 [notice] 1#1: built by gcc 8.3.0 (Debian 8.3.0-6) 
2019/10/02 08:23:41 [notice] 1#1: OS: Linux 4.9.184-linuxkit
2019/10/02 08:23:41 [notice] 1#1: getrlimit(RLIMIT_NOFILE): 1048576:1048576
2019/10/02 08:23:41 [notice] 1#1: start worker processes
2019/10/02 08:23:41 [notice] 1#1: start worker process 6
2019/10/02 08:25:00 [notice] 1#1: signal 15 (SIGTERM) received, exiting
2019/10/02 08:25:00 [notice] 6#6: exiting
2019/10/02 08:25:00 [notice] 6#6: exit
2019/10/02 08:25:00 [notice] 1#1: signal 14 (SIGALRM) received
2019/10/02 08:25:00 [notice] 1#1: signal 17 (SIGCHLD) received from 6
2019/10/02 08:25:00 [notice] 1#1: worker process 6 exited with code 0
2019/10/02 08:25:00 [notice] 1#1: exit
2019/10/02 08:25:03 [notice] 1#1: using the "epoll" event method
2019/10/02 08:25:03 [notice] 1#1: nginx/1.17.4
2019/10/02 08:25:03 [notice] 1#1: built by gcc 8.3.0 (Debian 8.3.0-6) 
2019/10/02 08:25:03 [notice] 1#1: OS: Linux 4.9.184-linuxkit
2019/10/02 08:25:03 [notice] 1#1: getrlimit(RLIMIT_NOFILE): 1048576:1048576
2019/10/02 08:25:03 [notice] 1#1: start worker processes
2019/10/02 08:25:03 [notice] 1#1: start worker process 6
